# JRE version: OpenJDK Runtime Environment (8.0_202-b03) (build 1.8.0_202-release-1483-b03)
# Java VM: OpenJDK 64-Bit Server VM (25.202-b03 mixed mode windows-amd64 compressed oops)
Heap:
 PSYoungGen      total 51200K, used 24826K [0x00000000d6100000, 0x00000000dab00000, 0x0000000100000000)
  eden space 46080K, 42% used [0x00000000d6100000,0x00000000d7441618,0x00000000d8e00000)
  from space 5120K, 99% used [0x00000000da600000,0x00000000daafd518,0x00000000dab00000)
  to   space 5120K, 0% used [0x00000000da100000,0x00000000da100000,0x00000000da600000)
 ParOldGen       total 65024K, used 11019K [0x0000000082200000, 0x0000000086180000, 0x00000000d6100000)
  object space 65024K, 16% used [0x0000000082200000,0x0000000082cc2f20,0x0000000086180000)
 Metaspace       used 27493K, capacity 28076K, committed 28416K, reserved 1075200K
  class space    used 3354K, capacity 3514K, committed 3584K, reserved 1048576K
GC Heap History (10 events):
Event: 0.695 GC heap before
{Heap before GC invocations=1 (full 0):
 PSYoungGen      total 37888K, used 32768K [0x00000000d6100000, 0x00000000d8b00000, 0x0000000100000000)
  eden space 32768K, 100% used [0x00000000d6100000,0x00000000d8100000,0x00000000d8100000)
  from space 5120K, 0% used [0x00000000d8600000,0x00000000d8600000,0x00000000d8b00000)
  to   space 5120K, 0% used [0x00000000d8100000,0x00000000d8100000,0x00000000d8600000)
 ParOldGen       total 86016K, used 0K [0x0000000082200000, 0x0000000087600000, 0x00000000d6100000)
  object space 86016K, 0% used [0x0000000082200000,0x0000000082200000,0x0000000087600000)
 Metaspace       used 10003K, capacity 10224K, committed 10496K, reserved 1058816K
  class space    used 1104K, capacity 1182K, committed 1280K, reserved 1048576K
Event: 0.702 GC heap after
Heap after GC invocations=1 (full 0):
 PSYoungGen      total 37888K, used 5112K [0x00000000d6100000, 0x00000000d8b00000, 0x0000000100000000)
  eden space 32768K, 0% used [0x00000000d6100000,0x00000000d6100000,0x00000000d8100000)
  from space 5120K, 99% used [0x00000000d8100000,0x00000000d85fe378,0x00000000d8600000)
  to   space 5120K, 0% used [0x00000000d8600000,0x00000000d8600000,0x00000000d8b00000)
 ParOldGen       total 86016K, used 2596K [0x0000000082200000, 0x0000000087600000, 0x00000000d6100000)
  object space 86016K, 3% used [0x0000000082200000,0x00000000824891c8,0x0000000087600000)
 Metaspace       used 10003K, capacity 10224K, committed 10496K, reserved 1058816K
  class space    used 1104K, capacity 1182K, committed 1280K, reserved 1048576K
}
Event: 1.290 GC heap before
{Heap before GC invocations=2 (full 0):
 PSYoungGen      total 37888K, used 37880K [0x00000000d6100000, 0x00000000d8b00000, 0x0000000100000000)
  eden space 32768K, 100% used [0x00000000d6100000,0x00000000d8100000,0x00000000d8100000)
  from space 5120K, 99% used [0x00000000d8100000,0x00000000d85fe378,0x00000000d8600000)
  to   space 5120K, 0% used [0x00000000d8600000,0x00000000d8600000,0x00000000d8b00000)
 ParOldGen       total 86016K, used 2596K [0x0000000082200000, 0x0000000087600000, 0x00000000d6100000)
  object space 86016K, 3% used [0x0000000082200000,0x00000000824891c8,0x0000000087600000)
 Metaspace       used 16086K, capacity 16416K, committed 16640K, reserved 1064960K
  class space    used 1897K, capacity 1990K, committed 2048K, reserved 1048576K
Event: 1.302 GC heap after
Heap after GC invocations=2 (full 0):
 PSYoungGen      total 37888K, used 5088K [0x00000000d6100000, 0x00000000dab00000, 0x0000000100000000)
  eden space 32768K, 0% used [0x00000000d6100000,0x00000000d6100000,0x00000000d8100000)
  from space 5120K, 99% used [0x00000000d8600000,0x00000000d8af8020,0x00000000d8b00000)
  to   space 5120K, 0% used [0x00000000d8100000,0x00000000d8100000,0x00000000d8600000)
 ParOldGen       total 86016K, used 7397K [0x0000000082200000, 0x0000000087600000, 0x00000000d6100000)
  object space 86016K, 8% used [0x0000000082200000,0x00000000829395f0,0x0000000087600000)
 Metaspace       used 16086K, capacity 16416K, committed 16640K, reserved 1064960K
  class space    used 1897K, capacity 1990K, committed 2048K, reserved 1048576K
}
Event: 1.596 GC heap before
{Heap before GC invocations=3 (full 0):
 PSYoungGen      total 37888K, used 21060K [0x00000000d6100000, 0x00000000dab00000, 0x0000000100000000)
  eden space 32768K, 48% used [0x00000000d6100000,0x00000000d7099198,0x00000000d8100000)
  from space 5120K, 99% used [0x00000000d8600000,0x00000000d8af8020,0x00000000d8b00000)
  to   space 5120K, 0% used [0x00000000d8100000,0x00000000d8100000,0x00000000d8600000)
 ParOldGen       total 86016K, used 7397K [0x0000000082200000, 0x0000000087600000, 0x00000000d6100000)
  object space 86016K, 8% used [0x0000000082200000,0x00000000829395f0,0x0000000087600000)
 Metaspace       used 20703K, capacity 21148K, committed 21296K, reserved 1069056K
  class space    used 2461K, capacity 2632K, committed 2688K, reserved 1048576K
Event: 1.604 GC heap after
Heap after GC invocations=3 (full 0):
 PSYoungGen      total 37888K, used 5104K [0x00000000d6100000, 0x00000000dab00000, 0x0000000100000000)
  eden space 32768K, 0% used [0x00000000d6100000,0x00000000d6100000,0x00000000d8100000)
  from space 5120K, 99% used [0x00000000d8100000,0x00000000d85fc040,0x00000000d8600000)
  to   space 5120K, 0% used [0x00000000da600000,0x00000000da600000,0x00000000dab00000)
 ParOldGen       total 86016K, used 10857K [0x0000000082200000, 0x0000000087600000, 0x00000000d6100000)
  object space 86016K, 12% used [0x0000000082200000,0x0000000082c9a708,0x0000000087600000)
 Metaspace       used 20703K, capacity 21148K, committed 21296K, reserved 1069056K
  class space    used 2461K, capacity 2632K, committed 2688K, reserved 1048576K
}
Event: 1.604 GC heap before
{Heap before GC invocations=4 (full 1):
 PSYoungGen      total 37888K, used 5104K [0x00000000d6100000, 0x00000000dab00000, 0x0000000100000000)
  eden space 32768K, 0% used [0x00000000d6100000,0x00000000d6100000,0x00000000d8100000)
  from space 5120K, 99% used [0x00000000d8100000,0x00000000d85fc040,0x00000000d8600000)
  to   space 5120K, 0% used [0x00000000da600000,0x00000000da600000,0x00000000dab00000)
 ParOldGen       total 86016K, used 10857K [0x0000000082200000, 0x0000000087600000, 0x00000000d6100000)
  object space 86016K, 12% used [0x0000000082200000,0x0000000082c9a708,0x0000000087600000)
 Metaspace       used 20703K, capacity 21148K, committed 21296K, reserved 1069056K
  class space    used 2461K, capacity 2632K, committed 2688K, reserved 1048576K
Event: 1.644 GC heap after
Heap after GC invocations=4 (full 1):
 PSYoungGen      total 37888K, used 0K [0x00000000d6100000, 0x00000000dab00000, 0x0000000100000000)
  eden space 32768K, 0% used [0x00000000d6100000,0x00000000d6100000,0x00000000d8100000)
  from space 5120K, 0% used [0x00000000d8100000,0x00000000d8100000,0x00000000d8600000)
  to   space 5120K, 0% used [0x00000000da600000,0x00000000da600000,0x00000000dab00000)
 ParOldGen       total 65024K, used 8398K [0x0000000082200000, 0x0000000086180000, 0x00000000d6100000)
  object space 65024K, 12% used [0x0000000082200000,0x0000000082a33b50,0x0000000086180000)
 Metaspace       used 20703K, capacity 21148K, committed 21296K, reserved 1069056K
  class space    used 2461K, capacity 2632K, committed 2688K, reserved 1048576K
}
Event: 2.309 GC heap before
{Heap before GC invocations=5 (full 1):
 PSYoungGen      total 37888K, used 32768K [0x00000000d6100000, 0x00000000dab00000, 0x0000000100000000)
  eden space 32768K, 100% used [0x00000000d6100000,0x00000000d8100000,0x00000000d8100000)
  from space 5120K, 0% used [0x00000000d8100000,0x00000000d8100000,0x00000000d8600000)
  to   space 5120K, 0% used [0x00000000da600000,0x00000000da600000,0x00000000dab00000)
 ParOldGen       total 65024K, used 8398K [0x0000000082200000, 0x0000000086180000, 0x00000000d6100000)
  object space 65024K, 12% used [0x0000000082200000,0x0000000082a33b50,0x0000000086180000)
 Metaspace       used 24436K, capacity 24938K, committed 25216K, reserved 1071104K
  class space    used 2930K, capacity 3093K, committed 3200K, reserved 1048576K
Event: 2.315 GC heap after
Heap after GC invocations=5 (full 1):
 PSYoungGen      total 51200K, used 5109K [0x00000000d6100000, 0x00000000dab00000, 0x0000000100000000)
  eden space 46080K, 0% used [0x00000000d6100000,0x00000000d6100000,0x00000000d8e00000)
  from space 5120K, 99% used [0x00000000da600000,0x00000000daafd518,0x00000000dab00000)
  to   space 5120K, 0% used [0x00000000da100000,0x00000000da100000,0x00000000da600000)
 ParOldGen       total 65024K, used 11019K [0x0000000082200000, 0x0000000086180000, 0x00000000d6100000)
  object space 65024K, 16% used [0x0000000082200000,0x0000000082cc2f20,0x0000000086180000)
 Metaspace       used 24436K, capacity 24938K, committed 25216K, reserved 1071104K
  class space    used 2930K, capacity 3093K, committed 3200K, reserved 1048576K
}

